
 #################################################
 PRyMordial: Run with small network -- Python call
 #################################################

 Neff -->  3.044388520277016
 Ωνh2 x 10^6 (rel) -->  5.699407167709657
 Σmν/Ωνh2 [eV] -->  93.0336079790811
 YP (CMB) -->  0.24555578804030265
 YP (BBN) -->  0.2468816718011093
 D/H x 10^5 -->  2.4593993669012497
 He3/H x 10^5 -->  1.0418942543366116
 Li7/H x 10^10 -->  5.486455968906597

--- running time: 7.808642148971558 seconds ---

 #################################################
 PRyMordial: Run with large network -- Python call
 #################################################

 Neff -->  3.044388520277016
 Ωνh2 x 10^6 (rel) -->  5.699407167709657
 Σmν/Ωνh2 [eV] -->  93.0336079790811
 YP (CMB) -->  0.24556439914216444
 YP (BBN) -->  0.24689031418313634
 D/H x 10^5 -->  2.4544083247528055
 He3/H x 10^5 -->  1.04118106330337
 Li7/H x 10^10 -->  5.438855918823732

--- running time: 9.016111850738525 seconds ---
julia is not installed
diffeqpy is not installed
