lease-acquired resource=cpu-heavy project=uncertainty task=EXEC-ABCMB-FULL-AUDIT lease_id=3e6a7da55d30c2a43ef9bca3
WARNING:2026-07-23 04:18:38,210:jax._src.xla_bridge:854: An NVIDIA GPU may be present on this machine, but a CUDA-enabled jaxlib is not installed. Falling back to cpu.

              /\  
             /  \   
            / /\ \  
           / /__\ \    ___   ___  
          / ______ \  | _ \ / __\ _  _  
         / /      \ \ |  _// /   | \/ | __  
        / /        \ \| _ \\ \___||\/||| -)  
       /_/          \_|___/ \___/||  |||_-) is compiling...
\_____/      


              /\  
             /  \   
            / /\ \  
           / /__\ \    ___   ___  
          / ______ \  | _ \ / __\ _  _  
         / /      \ \ |  _// /   | \/ | __  
        / /        \ \| _ \\ \___||\/||| -)  
       /_/          \_|___/ \___/||  |||_-) is compiling...
\_____/      


              /\  
             /  \   
            / /\ \  
           / /__\ \    ___   ___  
          / ______ \  | _ \ / __\ _  _  
         / /      \ \ |  _// /   | \/ | __  
        / /        \ \| _ \\ \___||\/||| -)  
       /_/          \_|___/ \___/||  |||_-) is compiling...
\_____/      

`\         /´  ||||        ||||  |||||     ||||  ||||   ||||
 /\_______/\   ||||        ||||  |||||||   ||||   |||| ||||
 ) __` ´__ (   ||||        ||||  |||| |||| ||||    |||||||
/  `-|_|-´  \  ||||        ||||  ||||  |||| |||    ||||||| 
/   (_x_)   \  ||||||||||  ||||  ||||   |||||||   |||| ||||
  )  `-´  (    ||||||||||  ||||  ||||    ||||||  ||||   ||||
 
Compiling thermodynamics model...
Compiling abundance model...

              /\  
             /  \   
            / /\ \  
           / /__\ \    ___   ___  
          / ______ \  | _ \ / __\ _  _  
         / /      \ \ |  _// /   | \/ | __  
        / /        \ \| _ \\ \___||\/||| -)  
       /_/          \_|___/ \___/||  |||_-) is compiling...
\_____/      


              /\  
             /  \   
            / /\ \  
           / /__\ \    ___   ___  
          / ______ \  | _ \ / __\ _  _  
         / /      \ \ |  _// /   | \/ | __  
        / /        \ \| _ \\ \___||\/||| -)  
       /_/          \_|___/ \___/||  |||_-) is compiling...
\_____/      

PROGRESS 1/4
lease-released resource=cpu-heavy project=uncertainty task=EXEC-ABCMB-FULL-AUDIT exit=0
